[2026-07-11 08:41:38] [INFO] [MainThread] [61109250] 미국주식 매수 주문 요청 (SOXL, 7주, 단가: 198.03, 유형: 30)
[2026-07-11 08:42:27] [INFO] [MainThread] [61109250] 미국주식 매수 주문 요청 (SOXL, 7주, 단가: 198.03, 유형: 30)
[2026-07-11 08:44:33] [INFO] [MainThread] Kiwoom API Client 설정 로드 완료 (모드: mock, 등록 계좌 수: 2)
[2026-07-11 08:44:33] [INFO] [MainThread] Kiwoom API Client 설정 로드 완료 (모드: mock, 등록 계좌 수: 2)
[2026-07-11 08:44:33] [INFO] [MainThread] 스케줄러 작업 등록 완료. (주문: 18:00, 동기화: 06:10)
[2026-07-11 08:44:33] [INFO] [MainThread] Trading Scheduler 시작.
[2026-07-11 08:47:33] [INFO] [MainThread] Kiwoom API Client 설정 로드 완료 (모드: mock, 등록 계좌 수: 2)
[2026-07-11 08:47:35] [INFO] [MainThread] Kiwoom API Client 설정 로드 완료 (모드: mock, 등록 계좌 수: 2)
[2026-07-11 08:47:35] [INFO] [MainThread] Kiwoom API Client 설정 로드 완료 (모드: mock, 등록 계좌 수: 2)
[2026-07-11 08:47:35] [INFO] [MainThread] 스케줄러 작업 등록 완료. (주문: 18:00, 동기화: 06:10)
[2026-07-11 08:47:35] [INFO] [MainThread] Trading Scheduler 시작.
[2026-07-11 08:47:50] [INFO] [MainThread] [61109250] 계좌 접근 토큰 발급/갱신 요청 시도...
[2026-07-11 08:47:50] [INFO] [MainThread] [61109250] 토큰 발급 성공. 만료 예정일시: 2026-07-12 08:47:50
[2026-07-11 08:47:50] [INFO] [MainThread] [SOXL] 거래소 하드코딩 테이블 사용: NY
[2026-07-11 08:47:50] [INFO] [MainThread] [61109250] 미국주식 매수 주문 요청 (SOXL, 7주, 단가: 198.03, 유형: 30)
[2026-07-11 08:48:32] [INFO] [MainThread] [SOXL] 거래소 하드코딩 테이블 사용: NY
[2026-07-11 08:48:32] [INFO] [MainThread] [61109250] 미국주식 매수 주문 요청 (SOXL, 7주, 단가: 198.03, 유형: 30)
[2026-07-11 08:51:39] [INFO] [MainThread] Kiwoom API Client 설정 로드 완료 (모드: mock, 등록 계좌 수: 2)
[2026-07-11 08:51:39] [INFO] [MainThread] Kiwoom API Client 설정 로드 완료 (모드: mock, 등록 계좌 수: 2)
[2026-07-11 08:51:39] [INFO] [MainThread] 스케줄러 작업 등록 완료. (주문: 18:00, 동기화: 06:10)
[2026-07-11 08:51:39] [INFO] [MainThread] Trading Scheduler 시작.
[2026-07-11 08:52:09] [INFO] [MainThread] Kiwoom API Client 설정 로드 완료 (모드: mock, 등록 계좌 수: 2)
[2026-07-11 08:52:11] [INFO] [MainThread] Kiwoom API Client 설정 로드 완료 (모드: mock, 등록 계좌 수: 2)
[2026-07-11 08:52:11] [INFO] [MainThread] Kiwoom API Client 설정 로드 완료 (모드: mock, 등록 계좌 수: 2)
[2026-07-11 08:52:11] [INFO] [MainThread] 스케줄러 작업 등록 완료. (주문: 18:00, 동기화: 06:10)
[2026-07-11 08:52:11] [INFO] [MainThread] Trading Scheduler 시작.
[2026-07-11 08:52:27] [INFO] [MainThread] [61109250] 계좌 접근 토큰 발급/갱신 요청 시도...
[2026-07-11 08:52:27] [INFO] [MainThread] [61109250] 토큰 발급 성공. 만료 예정일시: 2026-07-12 08:47:50
[2026-07-11 08:52:27] [INFO] [MainThread] [SOXL] 거래소 하드코딩 테이블 사용: NY
[2026-07-11 08:52:27] [INFO] [MainThread] [mock] 주문유형 30(LOC/MOC) → 00(지정가)로 자동 변환
[2026-07-11 08:52:27] [INFO] [MainThread] [61109250] 미국주식 매수 주문 요청 (SOXL, 7주, 단가: 198.03, 유형: 30)
[2026-07-11 08:52:29] [INFO] [MainThread] [SOXL] 거래소 하드코딩 테이블 사용: NY
[2026-07-11 08:52:29] [INFO] [MainThread] [mock] 주문유형 30(LOC/MOC) → 00(지정가)로 자동 변환
[2026-07-11 08:52:29] [INFO] [MainThread] [61109250] 미국주식 매수 주문 요청 (SOXL, 7주, 단가: 198.03, 유형: 30)
[2026-07-11 08:53:04] [INFO] [MainThread] Kiwoom API Client 설정 로드 완료 (모드: mock, 등록 계좌 수: 2)
[2026-07-11 08:53:04] [INFO] [MainThread] Kiwoom API Client 설정 로드 완료 (모드: mock, 등록 계좌 수: 2)
[2026-07-11 08:53:04] [INFO] [MainThread] 스케줄러 작업 등록 완료. (주문: 18:00, 동기화: 06:10)
[2026-07-11 08:53:04] [INFO] [MainThread] Trading Scheduler 시작.
